[     184ms] Error: Hydration failed because the server rendered HTML didn't match the client. As a result this tree will be regenerated on the client. This can happen if a SSR-ed Client Component used:

- A server/client branch `if (typeof window !== 'undefined')`.
- Variable input such as `Date.now()` or `Math.random()` which changes each time it's called.
- Date formatting in a user's locale which doesn't match the server.
- External changing data without sending a snapshot of it along with the HTML.
- Invalid HTML tag nesting.

It can also happen if the client has a browser extension installed which messes with the HTML before React loaded.

https://react.dev/link/hydration-mismatch

  ...
    <div dir="ltr" data-orientation="horizontal" data-slot="tabs" className="flex flex-..." ref={null}>
      <TabsList>
      <TabsContent value="preferences">
        <TabsContent data-slot="tabs-content" className="flex-1 out..." value="preferences">
          <Presence present={true}>
            <Primitive.div data-state="active" data-orientation="horizontal" role="tabpanel" ...>
              <div data-state="active" data-orientation="horizontal" role="tabpanel" aria-labelledby="radix-_R_a..." ...>
                <PreferencesSection>
                  <MacroSection title="Preferenze" description={"Personal..."} headerActions={<div>}>
                    <motion.div variants={{hidden:{...}, ...}} initial="hidden" animate="visible" ...>
                      <div className="w-full rel..." style={{opacity:0, ...}} ref={function useMotionRef.useCallback}>
                        <Card data-testid="macro-card" className="relative o...">
                          <div data-slot="card" className="bg-card te..." data-testid="macro-card">
                            <div>
                            <CardHeader>
                            <CardContent className="relative z...">
                              <div data-slot="card-content" className="relative z...">
                                <div
+                                 className="space-y-8"
-                                 className="space-y-4"
                                >
                                  <div
+                                   className="space-y-4"
-                                   className="space-y-2"
                                  >
                                    <div
+                                     className="flex items-center gap-2 text-sm font-semibold text-primary/80"
-                                     className="bg-accent animate-pulse-soft rounded-md h-4 w-20"
-                                     data-slot="skeleton"
                                    >
                                      <User className="h-4 w-4">
+                                       <svg
+                                         ref={null}
+                                         xmlns="http://www.w3.org/2000/svg"
+                                         width={24}
+                                         height={24}
+                                         viewBox="0 0 24 24"
+                                         fill="none"
+                                         stroke="currentColor"
+                                         strokeWidth={2}
+                                         strokeLinecap="round"
+                                         strokeLinejoin="round"
+                                         className="lucide lucide-user h-4 w-4"
+                                         aria-hidden="true"
+                                       >
                                      ...
                                    ...
                                  ...
      ...

    at throwOnHydrationMismatch (http://localhost:3000/_next/static/chunks/node_modules_next_dist_compiled_react-dom_1e674e59._.js:3348:56)
    at beginWork (http://localhost:3000/_next/static/chunks/node_modules_next_dist_compiled_react-dom_1e674e59._.js:6775:918)
    at runWithFiberInDEV (http://localhost:3000/_next/static/chunks/node_modules_next_dist_compiled_react-dom_1e674e59._.js:965:74)
    at performUnitOfWork (http://localhost:3000/_next/static/chunks/node_modules_next_dist_compiled_react-dom_1e674e59._.js:9562:97)
    at workLoopConcurrentByScheduler (http://localhost:3000/_next/static/chunks/node_modules_next_dist_compiled_react-dom_1e674e59._.js:9558:58)
    at renderRootConcurrent (http://localhost:3000/_next/static/chunks/node_modules_next_dist_compiled_react-dom_1e674e59._.js:9541:71)
    at performWorkOnRoot (http://localhost:3000/_next/static/chunks/node_modules_next_dist_compiled_react-dom_1e674e59._.js:9068:150)
    at performWorkOnRootViaSchedulerTask (http://localhost:3000/_next/static/chunks/node_modules_next_dist_compiled_react-dom_1e674e59._.js:10230:9)
    at MessagePort.performWorkUntilDeadline (http://localhost:3000/_next/static/chunks/node_modules_next_dist_compiled_a0e4c7b4._.js:2647:64)
