[     294ms] [WARNING] Image with src "http://localhost:3000/brand/numa-logo-full.png" has either width or height modified, but not the other. If you use CSS to change the size of your image, also include the styles 'width: "auto"' or 'height: "auto"' to maintain the aspect ratio. @ http://localhost:3000/_next/static/chunks/node_modules_next_dist_f3530cac._.js:2297
[ 1321357ms] [WARNING] Image with src "http://localhost:3000/brand/numa-logo-full.png" has either width or height modified, but not the other. If you use CSS to change the size of your image, also include the styles 'width: "auto"' or 'height: "auto"' to maintain the aspect ratio. @ http://localhost:3000/_next/static/chunks/node_modules_next_dist_f3530cac._.js:2297
[ 1719661ms] [ERROR] ./src/features/dashboard/components/charts/premium-chart-section.tsx:5:1
Module not found: Can't resolve './echarts-wrapper'
  3 | import { ReactNode } from "react"
  4 | import { MacroSection } from "@/components/patterns/macro-section"
> 5 | import { EChartsWrapper } from "./echarts-wrapper"
    | ^^^^^^^^^^^^^^^^^^^^^^^^^^^^^^^^^^^^^^^^^^^^^^^^^^
  6 | import { Skeleton } from "@/components/ui/skeleton"
  7 | import { StateMessage } from "@/components/ui/state-message"
  8 | import type { EChartsOption } from "echarts"

Import traces:
  Client Component Browser:
    ./src/features/dashboard/components/charts/premium-chart-section.tsx [Client Component Browser]
    ./src/features/insights/components/trend-analysis-card.tsx [Client Component Browser]
    ./src/features/insights/components/insights-page-content.tsx [Client Component Browser]
    ./src/app/insights/page.tsx [Client Component Browser]
    ./src/app/insights/page.tsx [Server Component]

  Client Component SSR:
    ./src/features/dashboard/components/charts/premium-chart-section.tsx [Client Component SSR]
    ./src/features/insights/components/trend-analysis-card.tsx [Client Component SSR]
    ./src/features/insights/components/insights-page-content.tsx [Client Component SSR]
    ./src/app/insights/page.tsx [Client Component SSR]
    ./src/app/insights/page.tsx [Server Component]

https://nextjs.org/docs/messages/module-not-found @ http://localhost:3000/_next/static/chunks/node_modules_next_dist_f3530cac._.js:3127
[ 1719661ms] [ERROR] ./src/app/brain/page.tsx:46:1
Module not found: Can't resolve '@/features/dashboard/components/charts/echarts-wrapper'
  44 | import { KpiCard } from "@/components/patterns/kpi-card"
  45 | import { StaggerContainer } from "@/components/patterns/stagger-container"
> 46 | import { EChartsWrapper } from "@/features/dashboard/components/charts/echarts-wrapper"
     | ^^^^^^^^^^^^^^^^^^^^^^^^^^^^^^^^^^^^^^^^^^^^^^^^^^^^^^^^^^^^^^^^^^^^^^^^^^^^^^^^^^^^^^^
  47 | import type { EChartsOption } from "echarts"
  48 | import { cn } from "@/lib/utils"
  49 | import { getCurrentPeriod } from "@/lib/date-ranges"

Import map: aliased to relative './src/features/dashboard/components/charts/echarts-wrapper' inside of [project]/

Import traces:
  Client Component Browser:
    ./src/app/brain/page.tsx [Client Component Browser]
    ./src/app/brain/page.tsx [Server Component]

  Client Component SSR:
    ./src/app/brain/page.tsx [Client Component SSR]
    ./src/app/brain/page.tsx [Server Component]

https://nextjs.org/docs/messages/module-not-found @ http://localhost:3000/_next/static/chunks/node_modules_next_dist_f3530cac._.js:3127
